# JRE version: OpenJDK Runtime Environment (11.0.2+9) (build 11.0.2+9)
# Java VM: OpenJDK 64-Bit Server VM (11.0.2+9, mixed mode, tiered, compressed oops, g1 gc, windows-amd64)
Heap:
 garbage-first heap   total 264192K, used 138768K [0x0000000740000000, 0x0000000800000000)
  region size 1024K, 47 young (48128K), 1 survivors (1024K)
 Metaspace       used 98364K, capacity 101060K, committed 101276K, reserved 1136640K
  class space    used 13292K, capacity 14489K, committed 14572K, reserved 1048576K
GC Heap History (10 events):
Event: 2232.056 GC heap before
{Heap before GC invocations=438 (full 139):
 garbage-first heap   total 264192K, used 156063K [0x0000000740000000, 0x0000000800000000)
  region size 1024K, 60 young (61440K), 1 survivors (1024K)
 Metaspace       used 98249K, capacity 100932K, committed 101276K, reserved 1136640K
  class space    used 13276K, capacity 14468K, committed 14572K, reserved 1048576K
}
Event: 2232.058 GC heap after
{Heap after GC invocations=439 (full 139):
 garbage-first heap   total 264192K, used 95968K [0x0000000740000000, 0x0000000800000000)
  region size 1024K, 1 young (1024K), 1 survivors (1024K)
 Metaspace       used 98249K, capacity 100932K, committed 101276K, reserved 1136640K
  class space    used 13276K, capacity 14468K, committed 14572K, reserved 1048576K
}
Event: 2242.002 GC heap before
{Heap before GC invocations=439 (full 139):
 garbage-first heap   total 264192K, used 156384K [0x0000000740000000, 0x0000000800000000)
  region size 1024K, 60 young (61440K), 1 survivors (1024K)
 Metaspace       used 98249K, capacity 100932K, committed 101276K, reserved 1136640K
  class space    used 13276K, capacity 14468K, committed 14572K, reserved 1048576K
}
Event: 2242.004 GC heap after
{Heap after GC invocations=440 (full 139):
 garbage-first heap   total 264192K, used 95974K [0x0000000740000000, 0x0000000800000000)
  region size 1024K, 1 young (1024K), 1 survivors (1024K)
 Metaspace       used 98249K, capacity 100932K, committed 101276K, reserved 1136640K
  class space    used 13276K, capacity 14468K, committed 14572K, reserved 1048576K
}
Event: 2248.231 GC heap before
{Heap before GC invocations=440 (full 139):
 garbage-first heap   total 264192K, used 156390K [0x0000000740000000, 0x0000000800000000)
  region size 1024K, 60 young (61440K), 1 survivors (1024K)
 Metaspace       used 98281K, capacity 100935K, committed 101276K, reserved 1136640K
  class space    used 13280K, capacity 14469K, committed 14572K, reserved 1048576K
}
Event: 2248.233 GC heap after
{Heap after GC invocations=441 (full 139):
 garbage-first heap   total 264192K, used 96263K [0x0000000740000000, 0x0000000800000000)
  region size 1024K, 2 young (2048K), 2 survivors (2048K)
 Metaspace       used 98281K, capacity 100935K, committed 101276K, reserved 1136640K
  class space    used 13280K, capacity 14469K, committed 14572K, reserved 1048576K
}
Event: 2250.560 GC heap before
{Heap before GC invocations=441 (full 139):
 garbage-first heap   total 264192K, used 110599K [0x0000000740000000, 0x0000000800000000)
  region size 1024K, 17 young (17408K), 2 survivors (2048K)
 Metaspace       used 98355K, capacity 101060K, committed 101276K, reserved 1136640K
  class space    used 13292K, capacity 14489K, committed 14572K, reserved 1048576K
}
Event: 2250.615 GC heap after
{Heap after GC invocations=442 (full 140):
 garbage-first heap   total 264192K, used 92347K [0x0000000740000000, 0x0000000800000000)
  region size 1024K, 0 young (0K), 0 survivors (0K)
 Metaspace       used 98355K, capacity 101060K, committed 101276K, reserved 1136640K
  class space    used 13292K, capacity 14489K, committed 14572K, reserved 1048576K
}
Event: 2260.552 GC heap before
{Heap before GC invocations=442 (full 140):
 garbage-first heap   total 264192K, used 153787K [0x0000000740000000, 0x0000000800000000)
  region size 1024K, 60 young (61440K), 0 survivors (0K)
 Metaspace       used 98359K, capacity 101060K, committed 101276K, reserved 1136640K
  class space    used 13292K, capacity 14489K, committed 14572K, reserved 1048576K
}
Event: 2260.553 GC heap after
{Heap after GC invocations=443 (full 140):
 garbage-first heap   total 264192K, used 92688K [0x0000000740000000, 0x0000000800000000)
  region size 1024K, 1 young (1024K), 1 survivors (1024K)
 Metaspace       used 98359K, capacity 101060K, committed 101276K, reserved 1136640K
  class space    used 13292K, capacity 14489K, committed 14572K, reserved 1048576K
}

